<?xml version="1.0" encoding="UTF-8"?>
<testng-results ignored="0" total="1" passed="1" failed="0" skipped="0">
  <reporter-output>
  </reporter-output>
  <suite started-at="2024-03-01T17:14:37 IST" name="Suite" finished-at="2024-03-01T17:14:43 IST" duration-ms="6784">
    <groups>
    </groups>
    <test started-at="2024-03-01T17:14:37 IST" name="Test" finished-at="2024-03-01T17:14:43 IST" duration-ms="6784">
      <class name="demo.DemoIntegration">
        <test-method signature="TestMethod()[pri:0, instance:demo.DemoIntegration@729d991e]" started-at="2024-03-01T17:14:37 IST" name="TestMethod" finished-at="2024-03-01T17:14:43 IST" duration-ms="6763" status="PASS">
          <reporter-output>
          </reporter-output>
        </test-method> <!-- TestMethod -->
      </class> <!-- demo.DemoIntegration -->
    </test> <!-- Test -->
  </suite> <!-- Suite -->
</testng-results>
